ani-cli
brave-bin
btop
cava
downgrade
encryptpad
gnome-clocks
gromit-mpx
hyprlock
imagemagick
kitty
kmonad-bin
lua51
luarocks
mariadb
multimc-bin
nautilus
neofetch
neovim
net-tools
nodejs
notion-app-electron
notion-calendar-electron
noto-fonts-emoji
npm
obsidian
obs-studio
pandoc
pavucontrol
pnpm
proton-pass
qrencode
ranger
rclone
ripgrep
spicetify-cli
spotify
texlive
texlive-core
tmux
tree
tree-sitter-cli
ttf-firacode-nerd
ttf-fira-code
vencord
wget
whatsie
wps-office
zathura
zathura-pdf-mupdf
zed-git
